Iter: 0, Loss: 1.5422732830047607, Accuracy: 0.645, 
Iter: 1, Loss: 1.0412369966506958, Accuracy: 0.751, 
Iter: 2, Loss: 0.8966301679611206, Accuracy: 0.749, 
Iter: 3, Loss: 1.385839581489563, Accuracy: 0.671,  
Iter: 4, Loss: 1.8981046676635742, Accuracy: 0.457, 
Iter: 5, Loss: 1.8645514249801636, Accuracy: 0.642, 
Iter: 6, Loss: 0.8316380977630615, Accuracy: 0.687, 
Iter: 7, Loss: 0.9210773706436157, Accuracy: 0.721, 
Iter: 8, Loss: 0.8306106328964233, Accuracy: 0.687, 
Iter: 9, Loss: 1.0292876958847046, Accuracy: 0.669, 
Iter: 10, Loss: 1.162735104560852, Accuracy: 0.608, 
Iter: 11, Loss: 1.1287169456481934, Accuracy: 0.711,
Iter: 12, Loss: 0.7054226398468018, Accuracy: 0.729,
Iter: 13, Loss: 0.8608134984970093, Accuracy: 0.749,
Iter: 14, Loss: 0.5785330533981323, Accuracy: 0.794,
Iter: 15, Loss: 0.7431177496910095, Accuracy: 0.762,
Iter: 16, Loss: 0.5693389177322388, Accuracy: 0.803,
Iter: 17, Loss: 0.7522996664047241, Accuracy: 0.750,
Iter: 18, Loss: 0.5990054607391357, Accuracy: 0.782,
Iter: 19, Loss: 0.7742860913276672, Accuracy: 0.743,
Iter: 20, Loss: 0.500572681427002, Accuracy: 0.815, 
Iter: 21, Loss: 0.6231334805488586, Accuracy: 0.779,
Iter: 22, Loss: 0.45114609599113464, Accuracy: 0.836
Iter: 23, Loss: 0.6091744899749756, Accuracy: 0.785,
Iter: 24, Loss: 0.4429321885108948, Accuracy: 0.846,
Iter: 25, Loss: 0.5683765411376953, Accuracy: 0.802,
Iter: 26, Loss: 0.4416036605834961, Accuracy: 0.844,
Iter: 27, Loss: 0.5616778135299683, Accuracy: 0.801,
Iter: 28, Loss: 0.385387659072876, Accuracy: 0.864, 
Iter: 29, Loss: 0.5382954478263855, Accuracy: 0.807,
Iter: 30, Loss: 0.4250473976135254, Accuracy: 0.853,
Iter: 31, Loss: 0.49153271317481995, Accuracy: 0.829
Iter: 32, Loss: 0.34329843521118164, Accuracy: 0.881
Iter: 33, Loss: 0.43242794275283813, Accuracy: 0.851
Iter: 34, Loss: 0.3302089273929596, Accuracy: 0.884,
Iter: 35, Loss: 0.4350743293762207, Accuracy: 0.848,
Iter: 36, Loss: 0.30080467462539673, Accuracy: 0.895
Iter: 37, Loss: 0.3646344542503357, Accuracy: 0.878,
Iter: 38, Loss: 0.27477508783340454, Accuracy: 0.906
Iter: 39, Loss: 0.3834865093231201, Accuracy: 0.870,
Iter: 40, Loss: 0.3144364356994629, Accuracy: 0.889,
Iter: 41, Loss: 0.3840925097465515, Accuracy: 0.869,
Iter: 42, Loss: 0.27058225870132446, Accuracy: 0.907
Iter: 43, Loss: 0.3807314336299896, Accuracy: 0.869,
Iter: 44, Loss: 0.2652910053730011, Accuracy: 0.910,
Iter: 45, Loss: 0.310025691986084, Accuracy: 0.896, 
Iter: 46, Loss: 0.23678027093410492, Accuracy: 0.920
Iter: 47, Loss: 0.2977931499481201, Accuracy: 0.900,
Iter: 48, Loss: 0.23140768706798553, Accuracy: 0.921
Iter: 49, Loss: 0.26660314202308655, Accuracy: 0.913
Iter: 50, Loss: 0.2307753711938858, Accuracy: 0.922,
Iter: 51, Loss: 0.291638046503067, Accuracy: 0.904, 
Iter: 52, Loss: 0.27327215671539307, Accuracy: 0.906
Iter: 53, Loss: 0.28065600991249084, Accuracy: 0.907
Iter: 54, Loss: 0.22078335285186768, Accuracy: 0.925
Iter: 55, Loss: 0.262719988822937, Accuracy: 0.914, 
Iter: 56, Loss: 0.22094053030014038, Accuracy: 0.924
Iter: 57, Loss: 0.2429666519165039, Accuracy: 0.921,
Iter: 58, Loss: 0.20494690537452698, Accuracy: 0.930
Iter: 59, Loss: 0.2682918310165405, Accuracy: 0.914,
Iter: 60, Loss: 0.2254350781440735, Accuracy: 0.923,
Iter: 61, Loss: 0.2714596688747406, Accuracy: 0.912,
Iter: 62, Loss: 0.23547375202178955, Accuracy: 0.922
Iter: 63, Loss: 0.28817346692085266, Accuracy: 0.905
Iter: 64, Loss: 0.2063264697790146, Accuracy: 0.930,
Iter: 65, Loss: 0.2492358386516571, Accuracy: 0.918,
Iter: 66, Loss: 0.20510455965995789, Accuracy: 0.931
Iter: 67, Loss: 0.26247042417526245, Accuracy: 0.914
Iter: 68, Loss: 0.21928149461746216, Accuracy: 0.928
Iter: 69, Loss: 0.26356041431427, Accuracy: 0.916, T
Iter: 70, Loss: 0.19693563878536224, Accuracy: 0.933
Iter: 71, Loss: 0.22034987807273865, Accuracy: 0.930
Iter: 72, Loss: 0.18290922045707703, Accuracy: 0.938
Iter: 73, Loss: 0.2254631370306015, Accuracy: 0.927,
Iter: 74, Loss: 0.1779462695121765, Accuracy: 0.939,
Iter: 75, Loss: 0.19948746263980865, Accuracy: 0.935
Iter: 76, Loss: 0.17642362415790558, Accuracy: 0.940
Iter: 77, Loss: 0.18508003652095795, Accuracy: 0.942
Iter: 78, Loss: 0.18006516993045807, Accuracy: 0.940
Iter: 79, Loss: 0.18767720460891724, Accuracy: 0.940
Iter: 80, Loss: 0.177399680018425, Accuracy: 0.940, 
Iter: 81, Loss: 0.18444712460041046, Accuracy: 0.943
Iter: 82, Loss: 0.18182407319545746, Accuracy: 0.940
Iter: 83, Loss: 0.1829318404197693, Accuracy: 0.942,
Iter: 84, Loss: 0.18558357656002045, Accuracy: 0.939
Iter: 85, Loss: 0.1971355676651001, Accuracy: 0.938,
Iter: 86, Loss: 0.16694825887680054, Accuracy: 0.945
Iter: 87, Loss: 0.20442895591259003, Accuracy: 0.936
Iter: 88, Loss: 0.18352289497852325, Accuracy: 0.940
Iter: 89, Loss: 0.20578637719154358, Accuracy: 0.935
Iter: 90, Loss: 0.17138810455799103, Accuracy: 0.944
Iter: 91, Loss: 0.15775875747203827, Accuracy: 0.951
Iter: 92, Loss: 0.16116496920585632, Accuracy: 0.947
Iter: 93, Loss: 0.1702948659658432, Accuracy: 0.947,
Iter: 94, Loss: 0.16740615665912628, Accuracy: 0.944
Iter: 95, Loss: 0.19447524845600128, Accuracy: 0.939
Iter: 96, Loss: 0.17879626154899597, Accuracy: 0.941
Iter: 97, Loss: 0.1923375427722931, Accuracy: 0.941,
Iter: 98, Loss: 0.16506339609622955, Accuracy: 0.947
Iter: 99, Loss: 0.16329337656497955, Accuracy: 0.949
Iter: 100, Loss: 0.14215826988220215, Accuracy: 0.95
Iter: 101, Loss: 0.1696779578924179, Accuracy: 0.947
Iter: 102, Loss: 0.1902553141117096, Accuracy: 0.940
Iter: 103, Loss: 0.17311345040798187, Accuracy: 0.94
Iter: 104, Loss: 0.1558174341917038, Accuracy: 0.950
Iter: 105, Loss: 0.1821412593126297, Accuracy: 0.943
Iter: 106, Loss: 0.17022593319416046, Accuracy: 0.94
Iter: 107, Loss: 0.18332694470882416, Accuracy: 0.94
Iter: 108, Loss: 0.14784467220306396, Accuracy: 0.95
Iter: 109, Loss: 0.1421956866979599, Accuracy: 0.957
Iter: 110, Loss: 0.13458330929279327, Accuracy: 0.95
Iter: 111, Loss: 0.1636950820684433, Accuracy: 0.949
Iter: 112, Loss: 0.18554779887199402, Accuracy: 0.94
Iter: 113, Loss: 0.1874866783618927, Accuracy: 0.941
Iter: 114, Loss: 0.2055334895849228, Accuracy: 0.936
Iter: 115, Loss: 0.23007389903068542, Accuracy: 0.92
Iter: 116, Loss: 0.17913803458213806, Accuracy: 0.94
Iter: 117, Loss: 0.19147011637687683, Accuracy: 0.94
Iter: 118, Loss: 0.15524734556674957, Accuracy: 0.95
Iter: 119, Loss: 0.1865091472864151, Accuracy: 0.942
Iter: 120, Loss: 0.1545323133468628, Accuracy: 0.951
Iter: 121, Loss: 0.19817516207695007, Accuracy: 0.93
Iter: 122, Loss: 0.16358140110969543, Accuracy: 0.94
Iter: 123, Loss: 0.17461469769477844, Accuracy: 0.94
Iter: 124, Loss: 0.15539202094078064, Accuracy: 0.95
Iter: 125, Loss: 0.15949447453022003, Accuracy: 0.95
Iter: 126, Loss: 0.15019096434116364, Accuracy: 0.95
Iter: 127, Loss: 0.16397112607955933, Accuracy: 0.95
Iter: 128, Loss: 0.18023818731307983, Accuracy: 0.94
Iter: 129, Loss: 0.2037878930568695, Accuracy: 0.938
Iter: 130, Loss: 0.15158534049987793, Accuracy: 0.95
Iter: 131, Loss: 0.1698819100856781, Accuracy: 0.950
Iter: 132, Loss: 0.16249173879623413, Accuracy: 0.94
Iter: 133, Loss: 0.1874343603849411, Accuracy: 0.943
Iter: 134, Loss: 0.1601373851299286, Accuracy: 0.951
Iter: 135, Loss: 0.16308194398880005, Accuracy: 0.95
Iter: 136, Loss: 0.1476316601037979, Accuracy: 0.953
Iter: 137, Loss: 0.15254926681518555, Accuracy: 0.95
Iter: 138, Loss: 0.15094366669654846, Accuracy: 0.95
Iter: 139, Loss: 0.1500825136899948, Accuracy: 0.956
Iter: 140, Loss: 0.14227743446826935, Accuracy: 0.95
Iter: 141, Loss: 0.14502647519111633, Accuracy: 0.95
Iter: 142, Loss: 0.1756850928068161, Accuracy: 0.946
Iter: 143, Loss: 0.15686644613742828, Accuracy: 0.95
Iter: 144, Loss: 0.16050396859645844, Accuracy: 0.95
Iter: 145, Loss: 0.16174665093421936, Accuracy: 0.95
Iter: 146, Loss: 0.15648777782917023, Accuracy: 0.95
Iter: 147, Loss: 0.1511448621749878, Accuracy: 0.955
Iter: 148, Loss: 0.1392916887998581, Accuracy: 0.959
Iter: 149, Loss: 0.12386205047369003, Accuracy: 0.96
Iter: 150, Loss: 0.12820415198802948, Accuracy: 0.96
Iter: 151, Loss: 0.12282176315784454, Accuracy: 0.96
Iter: 152, Loss: 0.1359107494354248, Accuracy: 0.960
Iter: 153, Loss: 0.12636443972587585, Accuracy: 0.96
Iter: 154, Loss: 0.1204957365989685, Accuracy: 0.964
Iter: 155, Loss: 0.12463103234767914, Accuracy: 0.96
Iter: 156, Loss: 0.1330322027206421, Accuracy: 0.961
Iter: 157, Loss: 0.12560243904590607, Accuracy: 0.96
Iter: 158, Loss: 0.13258351385593414, Accuracy: 0.96
Iter: 159, Loss: 0.14477792382240295, Accuracy: 0.95
Iter: 160, Loss: 0.133419007062912, Accuracy: 0.961,
Iter: 161, Loss: 0.14188939332962036, Accuracy: 0.95
Iter: 162, Loss: 0.14773845672607422, Accuracy: 0.95
Iter: 163, Loss: 0.16956286132335663, Accuracy: 0.95
Iter: 164, Loss: 0.18832312524318695, Accuracy: 0.94
Iter: 165, Loss: 0.17958156764507294, Accuracy: 0.94
Iter: 166, Loss: 0.16884690523147583, Accuracy: 0.95
Iter: 167, Loss: 0.1542951613664627, Accuracy: 0.955
Iter: 168, Loss: 0.15290512144565582, Accuracy: 0.95
Iter: 169, Loss: 0.1446111649274826, Accuracy: 0.958
Iter: 170, Loss: 0.16533216834068298, Accuracy: 0.95
Iter: 171, Loss: 0.14221984148025513, Accuracy: 0.95
Iter: 172, Loss: 0.1500367969274521, Accuracy: 0.956
Iter: 173, Loss: 0.14660504460334778, Accuracy: 0.95
Iter: 174, Loss: 0.1700873076915741, Accuracy: 0.951
Iter: 175, Loss: 0.16577044129371643, Accuracy: 0.95
Iter: 176, Loss: 0.18029794096946716, Accuracy: 0.94
Iter: 177, Loss: 0.15331216156482697, Accuracy: 0.95
Iter: 178, Loss: 0.14438983798027039, Accuracy: 0.95
Iter: 179, Loss: 0.13129450380802155, Accuracy: 0.96
Iter: 180, Loss: 0.14698494970798492, Accuracy: 0.95
Iter: 181, Loss: 0.14123865962028503, Accuracy: 0.95
Iter: 182, Loss: 0.13965171575546265, Accuracy: 0.96
Iter: 183, Loss: 0.14599041640758514, Accuracy: 0.95
Iter: 184, Loss: 0.1376778781414032, Accuracy: 0.960
Iter: 185, Loss: 0.14358432590961456, Accuracy: 0.95
Iter: 186, Loss: 0.15623928606510162, Accuracy: 0.95
Iter: 187, Loss: 0.1748877912759781, Accuracy: 0.950
Iter: 188, Loss: 0.15044187009334564, Accuracy: 0.95
Iter: 189, Loss: 0.15324506163597107, Accuracy: 0.95
Iter: 190, Loss: 0.1407707929611206, Accuracy: 0.959
Iter: 191, Loss: 0.14717590808868408, Accuracy: 0.95
Iter: 192, Loss: 0.13478077948093414, Accuracy: 0.95
Iter: 193, Loss: 0.178020179271698, Accuracy: 0.948,
Iter: 194, Loss: 0.17502306401729584, Accuracy: 0.94
Iter: 195, Loss: 0.18627145886421204, Accuracy: 0.94
Iter: 196, Loss: 0.1775030642747879, Accuracy: 0.949
Iter: 197, Loss: 0.17991182208061218, Accuracy: 0.95
Iter: 198, Loss: 0.16585808992385864, Accuracy: 0.95
Iter: 199, Loss: 0.16436327993869781, Accuracy: 0.95
Iter: 200, Loss: 0.15202632546424866, Accuracy: 0.95
Iter: 201, Loss: 0.1465524584054947, Accuracy: 0.958
Iter: 202, Loss: 0.14834867417812347, Accuracy: 0.95
Iter: 203, Loss: 0.15391623973846436, Accuracy: 0.95
Iter: 204, Loss: 0.14288534224033356, Accuracy: 0.95
Iter: 205, Loss: 0.13776764273643494, Accuracy: 0.96
Iter: 206, Loss: 0.145121768116951, Accuracy: 0.957,
Iter: 207, Loss: 0.1335517019033432, Accuracy: 0.963
Iter: 208, Loss: 0.15646390616893768, Accuracy: 0.95
Iter: 209, Loss: 0.13754312694072723, Accuracy: 0.96
Iter: 210, Loss: 0.15368108451366425, Accuracy: 0.95
Iter: 211, Loss: 0.151886984705925, Accuracy: 0.957,
Iter: 212, Loss: 0.15087144076824188, Accuracy: 0.95
Iter: 213, Loss: 0.1375611275434494, Accuracy: 0.961
Iter: 214, Loss: 0.15364620089530945, Accuracy: 0.95
Iter: 215, Loss: 0.15353967249393463, Accuracy: 0.95
Iter: 216, Loss: 0.16092650592327118, Accuracy: 0.95
Iter: 217, Loss: 0.156140998005867, Accuracy: 0.957,
Iter: 218, Loss: 0.16017138957977295, Accuracy: 0.95
Iter: 219, Loss: 0.161809504032135, Accuracy: 0.959,
Iter: 220, Loss: 0.1407819539308548, Accuracy: 0.965
Iter: 221, Loss: 0.17189855873584747, Accuracy: 0.95
Iter: 222, Loss: 0.12888340651988983, Accuracy: 0.96
Iter: 223, Loss: 0.16718347370624542, Accuracy: 0.95
Iter: 224, Loss: 0.15816304087638855, Accuracy: 0.96
Iter: 225, Loss: 0.1874338835477829, Accuracy: 0.956
Iter: 226, Loss: 0.13755014538764954, Accuracy: 0.96
Iter: 227, Loss: 0.17469102144241333, Accuracy: 0.95
Iter: 228, Loss: 0.13883846998214722, Accuracy: 0.96
Iter: 229, Loss: 0.20592370629310608, Accuracy: 0.95
Iter: 230, Loss: 0.16617929935455322, Accuracy: 0.96
Iter: 231, Loss: 0.17171865701675415, Accuracy: 0.95
Iter: 232, Loss: 0.16531752049922943, Accuracy: 0.95
Iter: 233, Loss: 0.17221930623054504, Accuracy: 0.95
Iter: 234, Loss: 0.16407343745231628, Accuracy: 0.96
Iter: 235, Loss: 0.17539526522159576, Accuracy: 0.95
Iter: 236, Loss: 0.14395374059677124, Accuracy: 0.96
Iter: 237, Loss: 0.17984618246555328, Accuracy: 0.95
Iter: 238, Loss: 0.15469998121261597, Accuracy: 0.96
Iter: 239, Loss: 0.15731272101402283, Accuracy: 0.96
Iter: 240, Loss: 0.14632757008075714, Accuracy: 0.96
Iter: 241, Loss: 0.15258026123046875, Accuracy: 0.96
Iter: 242, Loss: 0.133087158203125, Accuracy: 0.967,
Iter: 243, Loss: 0.15222346782684326, Accuracy: 0.96
Iter: 244, Loss: 0.12630857527256012, Accuracy: 0.97