INFO:clusters.openwhsik_deployment: ############## Executing for Cluster : invasic-cluster###################
INFO:clusters.openwhsik_deployment: Setting the wsk CLI properties : invasic-cluster
INFO:clusters.openwhsik_deployment:ok: whisk auth set. Run 'wsk property get --auth' to see the new value.

INFO:clusters.openwhsik_deployment:ok: whisk API host set to 172.24.65.11:31001

INFO:clusters.openwhsik_deployment:Deleting Function instance : fl_server_init
INFO:clusters.openwhsik_deployment:ok: deleted action fl_server_init

INFO:clusters.openwhsik_deployment:Deleting Function instance : fl_server_aggregator
INFO:clusters.openwhsik_deployment:ok: deleted action fl_server_aggregator

INFO:clusters.openwhsik_deployment:Deleting Function instance : fl_invoker_weights_update
INFO:clusters.openwhsik_deployment:ok: deleted action fl_invoker_weights_update

INFO:clusters.openwhsik_deployment:ok: created action fl_server_init

INFO:clusters.openwhsik_deployment:ok: created action fl_server_aggregator

INFO:clusters.openwhsik_deployment:ok: created action fl_invoker_weights_update

INFO:clusters.openwhsik_deployment: ############## Executing for Cluster : invasic-cluster###################
INFO:clusters.openwhsik_deployment:Deleting Function instance : fl_server_init
INFO:clusters.openwhsik_deployment:ok: deleted action fl_server_init

INFO:clusters.openwhsik_deployment:Deleting Function instance : fl_server_aggregator
INFO:clusters.openwhsik_deployment:ok: deleted action fl_server_aggregator

INFO:clusters.openwhsik_deployment:Deleting Function instance : fl_invoker_weights_update
INFO:clusters.openwhsik_deployment:ok: deleted action fl_invoker_weights_update

INFO:clusters.openwhsik_deployment: ############## Executing for Cluster : invasic-cluster###################
INFO:clusters.openwhsik_deployment:Deleting Function instance : client3
INFO:clusters.openwhsik_deployment:ok: deleted action client3

INFO:clusters.openwhsik_deployment: ############## Executing for Cluster : invasic-cluster###################
INFO:clusters.openwhsik_deployment:Deleting Function instance : client4
INFO:clusters.openwhsik_deployment:ok: deleted action client4

INFO:clusters.openwhsik_deployment: ############## Executing for Cluster : invasic-cluster###################
INFO:clusters.openwhsik_deployment:Deleting Function instance : client5
INFO:clusters.openwhsik_deployment:ok: deleted action client5

INFO:clusters.openwhsik_deployment: ############## Executing for Cluster : invasic-cluster###################
INFO:clusters.openwhsik_deployment:Deleting Function instance : client6
INFO:clusters.openwhsik_deployment:ok: deleted action client6

INFO:clusters.openwhsik_deployment: ############## Executing for Cluster : invasic-cluster###################
INFO:clusters.openwhsik_deployment:Deleting Function instance : client7
INFO:clusters.openwhsik_deployment:ok: deleted action client7

INFO:clusters.openwhsik_deployment: ############## Executing for Cluster : invasic-cluster###################
INFO:clusters.openwhsik_deployment:Deleting Function instance : client8
INFO:clusters.openwhsik_deployment:ok: deleted action client8

INFO:clusters.openwhsik_deployment: ############## Executing for Cluster : invasic-cluster###################
INFO:clusters.openwhsik_deployment:Deleting Function instance : client9
INFO:clusters.openwhsik_deployment:ok: deleted action client9

INFO:clusters.openwhsik_deployment: ############## Executing for Cluster : invasic-cluster###################
INFO:clusters.openwhsik_deployment:Deleting Function instance : fl_server_init
error: Unable to delete action 'fl_server_init': The requested resource does not exist. (code 1Zvm1AUbVs9iOVx7k8ZvZZVB3esZa0BE)
Run 'wsk --help' for usage.
INFO:clusters.openwhsik_deployment:Deleting Function instance : fl_server_aggregator
error: Unable to delete action 'fl_server_aggregator': The requested resource does not exist. (code F6y2qvsS8KSSe6iFLUT1CKRnNubJVyUf)
Run 'wsk --help' for usage.
INFO:clusters.openwhsik_deployment:Deleting Function instance : fl_invoker_weights_update
error: Unable to delete action 'fl_invoker_weights_update': The requested resource does not exist. (code dVKDodtmwJHH4IeAmVhtv7KABPvKnYyk)
Run 'wsk --help' for usage.
INFO:clusters.openwhsik_deployment:ok: created action fl_server_init

INFO:clusters.openwhsik_deployment:ok: created action fl_server_aggregator

INFO:clusters.openwhsik_deployment:ok: created action fl_invoker_weights_update

INFO:clusters.openwhsik_deployment: ############## Executing for Cluster : invasic-cluster###################
INFO:clusters.openwhsik_deployment:Deleting Function instance : client3
error: Unable to delete action 'client3': The requested resource does not exist. (code bIZNa7AvuN819Oh21bgzTiVqq4AiGEMm)
Run 'wsk --help' for usage.
INFO:clusters.openwhsik_deployment:ok: created action client3

INFO:clusters.openwhsik_deployment: ############## Executing for Cluster : invasic-cluster###################
INFO:clusters.openwhsik_deployment:Deleting Function instance : client4
error: Unable to delete action 'client4': The requested resource does not exist. (code a0JRTOKzD0eeB2jScv9Y67r3HmhCJDe2)
Run 'wsk --help' for usage.
INFO:clusters.openwhsik_deployment:ok: created action client4

INFO:clusters.openwhsik_deployment: ############## Executing for Cluster : invasic-cluster###################
INFO:clusters.openwhsik_deployment:Deleting Function instance : client5
error: Unable to delete action 'client5': The requested resource does not exist. (code Jrrfd596EDo6OcT72dPc0UZFaJaCuG9f)
Run 'wsk --help' for usage.
INFO:clusters.openwhsik_deployment:ok: created action client5

INFO:clusters.openwhsik_deployment: ############## Executing for Cluster : invasic-cluster###################
INFO:clusters.openwhsik_deployment:Deleting Function instance : client6
error: Unable to delete action 'client6': The requested resource does not exist. (code BCQ6xrexEOQX5gKqTkNe0q2a0nyXbnQE)
Run 'wsk --help' for usage.
INFO:clusters.openwhsik_deployment:ok: created action client6

INFO:clusters.openwhsik_deployment: ############## Executing for Cluster : invasic-cluster###################
INFO:clusters.openwhsik_deployment:Deleting Function instance : client7
error: Unable to delete action 'client7': The requested resource does not exist. (code 0TlmuAH6BBpH02sxyi39Ohuli1j7mOdF)
Run 'wsk --help' for usage.
INFO:clusters.openwhsik_deployment:ok: created action client7

INFO:clusters.openwhsik_deployment: ############## Executing for Cluster : invasic-cluster###################
INFO:clusters.openwhsik_deployment:Deleting Function instance : client8
error: Unable to delete action 'client8': The requested resource does not exist. (code 1O9dzCd5mnE0MxUxwoNLwzeOFr5jzstW)
Run 'wsk --help' for usage.
INFO:clusters.openwhsik_deployment:ok: created action client8

INFO:clusters.openwhsik_deployment: ############## Executing for Cluster : invasic-cluster###################
INFO:clusters.openwhsik_deployment:Deleting Function instance : client9
error: Unable to delete action 'client9': The requested resource does not exist. (code JPmjZcXO4XWAMbBddhMkqnRsTr08qoxc)
Run 'wsk --help' for usage.
INFO:clusters.openwhsik_deployment:ok: created action client9

INFO:__main__: ############## Experiment : test_num_clients_100_mnistcnn_0###################
INFO:__main__:Num Clients per rounds: 100
INFO:__main__:Iter: 1, Loss: 1.8385850191116333, Accuracy: 0.739, Time: 145.07886910438538
INFO:__main__:Iter: 2, Loss: 1.078076720237732, Accuracy: 0.866, Time: 85.20605182647705
INFO:__main__:Iter: 3, Loss: 0.6676197052001953, Accuracy: 0.901, Time: 91.10215997695923
INFO:__main__:Iter: 4, Loss: 0.4740983545780182, Accuracy: 0.922, Time: 54.22035002708435
INFO:__main__:Iter: 5, Loss: 0.3495328724384308, Accuracy: 0.933, Time: 55.61187744140625
INFO:__main__:Iter: 6, Loss: 0.2915564179420471, Accuracy: 0.941, Time: 64.3546314239502
INFO:__main__:Iter: 7, Loss: 0.2317633330821991, Accuracy: 0.948, Time: 61.073790073394775
INFO:__main__:Iter: 8, Loss: 0.19936083257198334, Accuracy: 0.956, Time: 54.19223999977112
INFO:__main__:Iter: 9, Loss: 0.1765340268611908, Accuracy: 0.955, Time: 54.23363018035889
INFO:__main__:Iter: 10, Loss: 0.15359479188919067, Accuracy: 0.960, Time: 55.47315335273743
INFO:__main__:Iter: 11, Loss: 0.14563117921352386, Accuracy: 0.962, Time: 65.92409181594849
INFO:__main__:Iter: 12, Loss: 0.11841271072626114, Accuracy: 0.968, Time: 57.25038266181946
INFO:__main__:Iter: 13, Loss: 0.113265760242939, Accuracy: 0.969, Time: 56.538254737854004
INFO:__main__:Iter: 14, Loss: 0.10257916152477264, Accuracy: 0.971, Time: 58.61112904548645
INFO:__main__:Iter: 15, Loss: 0.09778964519500732, Accuracy: 0.972, Time: 63.96225428581238
INFO:__main__:Iter: 16, Loss: 0.08960289508104324, Accuracy: 0.974, Time: 53.85497999191284
INFO:__main__:Iter: 17, Loss: 0.08602140098810196, Accuracy: 0.974, Time: 71.26135969161987
INFO:__main__:Iter: 18, Loss: 0.08133626729249954, Accuracy: 0.976, Time: 59.44483685493469
INFO:__main__:Iter: 19, Loss: 0.07769571244716644, Accuracy: 0.977, Time: 69.18855476379395
INFO:__main__:Iter: 20, Loss: 0.07213720679283142, Accuracy: 0.977, Time: 53.84003138542175
INFO:__main__:Iter: 21, Loss: 0.06944609433412552, Accuracy: 0.978, Time: 54.12528157234192
INFO:__main__:Iter: 22, Loss: 0.06732704490423203, Accuracy: 0.979, Time: 68.14707374572754
INFO:__main__:Iter: 23, Loss: 0.06332287937402725, Accuracy: 0.980, Time: 61.117791414260864
INFO:__main__:Iter: 24, Loss: 0.06095053628087044, Accuracy: 0.981, Time: 53.013086795806885
INFO:__main__:Iter: 25, Loss: 0.05945999175310135, Accuracy: 0.981, Time: 56.66634750366211
INFO:__main__:Iter: 26, Loss: 0.056349463760852814, Accuracy: 0.982, Time: 60.88911056518555
INFO:__main__:Iter: 27, Loss: 0.05506128445267677, Accuracy: 0.982, Time: 59.30537271499634
INFO:__main__:Iter: 28, Loss: 0.053003620356321335, Accuracy: 0.983, Time: 83.19830656051636
INFO:__main__:Iter: 29, Loss: 0.052791789174079895, Accuracy: 0.983, Time: 85.33008909225464
INFO:__main__:Iter: 30, Loss: 0.050103481858968735, Accuracy: 0.984, Time: 68.8744695186615
INFO:__main__:Iter: 31, Loss: 0.04905145615339279, Accuracy: 0.984, Time: 62.03047776222229
INFO:__main__:Iter: 32, Loss: 0.047357380390167236, Accuracy: 0.984, Time: 71.0309112071991
INFO:__main__:Iter: 33, Loss: 0.04727165400981903, Accuracy: 0.985, Time: 88.46565651893616
INFO:__main__:Iter: 34, Loss: 0.04637867212295532, Accuracy: 0.985, Time: 73.60168027877808
INFO:__main__:Iter: 35, Loss: 0.04589274525642395, Accuracy: 0.985, Time: 66.04647994041443
INFO:__main__:Iter: 36, Loss: 0.044678494334220886, Accuracy: 0.985, Time: 53.997291803359985
INFO:__main__:Iter: 37, Loss: 0.04319630563259125, Accuracy: 0.986, Time: 63.01389956474304
INFO:__main__:Iter: 38, Loss: 0.043091706931591034, Accuracy: 0.986, Time: 62.6038658618927
INFO:__main__:Iter: 39, Loss: 0.04220425710082054, Accuracy: 0.986, Time: 66.81166791915894
INFO:__main__:Iter: 40, Loss: 0.041429031640291214, Accuracy: 0.986, Time: 76.08495354652405
INFO:__main__:Iter: 41, Loss: 0.041339628398418427, Accuracy: 0.987, Time: 85.9908459186554
INFO:__main__:Iter: 42, Loss: 0.04092438891530037, Accuracy: 0.987, Time: 96.59694981575012
INFO:__main__:Iter: 43, Loss: 0.04092082381248474, Accuracy: 0.987, Time: 73.1131362915039
INFO:__main__:Iter: 44, Loss: 0.040560755878686905, Accuracy: 0.987, Time: 90.79323816299438
INFO:__main__:Iter: 45, Loss: 0.04040945693850517, Accuracy: 0.988, Time: 73.24543070793152
INFO:__main__:Iter: 46, Loss: 0.0394844189286232, Accuracy: 0.988, Time: 68.80801820755005
INFO:__main__:Iter: 47, Loss: 0.03895339369773865, Accuracy: 0.988, Time: 68.17035126686096
INFO:__main__:Iter: 48, Loss: 0.03803449869155884, Accuracy: 0.989, Time: 79.34978294372559
INFO:__main__:Iter: 49, Loss: 0.038120023906230927, Accuracy: 0.988, Time: 56.37398409843445
INFO:__main__:Iter: 50, Loss: 0.03835798054933548, Accuracy: 0.988, Time: 54.01787543296814
INFO:__main__:Iter: 51, Loss: 0.038223713636398315, Accuracy: 0.989, Time: 68.14915752410889
INFO:__main__:Iter: 52, Loss: 0.037107497453689575, Accuracy: 0.989, Time: 62.356545209884644
INFO:__main__:Iter: 53, Loss: 0.038056597113609314, Accuracy: 0.989, Time: 82.5951943397522
INFO:__main__:Iter: 54, Loss: 0.03828500211238861, Accuracy: 0.989, Time: 53.994237422943115
INFO:__main__:Iter: 55, Loss: 0.03817230090498924, Accuracy: 0.989, Time: 55.63050174713135
INFO:__main__:Iter: 56, Loss: 0.03747361898422241, Accuracy: 0.990, Time: 53.778523206710815
INFO:__main__:TotalIter: 56, FinalLoss: 0.03747361898422241, FinalAccuracy: 0.990, TotalTime: 3787.8107488155365
INFO:clusters.openwhsik_deployment: ############## Executing for Cluster : invasic-cluster###################
INFO:clusters.openwhsik_deployment:Deleting Function instance : fl_server_init
INFO:clusters.openwhsik_deployment:ok: deleted action fl_server_init

INFO:clusters.openwhsik_deployment:Deleting Function instance : fl_server_aggregator
INFO:clusters.openwhsik_deployment:ok: deleted action fl_server_aggregator

INFO:clusters.openwhsik_deployment:Deleting Function instance : fl_invoker_weights_update
INFO:clusters.openwhsik_deployment:ok: deleted action fl_invoker_weights_update

INFO:clusters.openwhsik_deployment: ############## Executing for Cluster : invasic-cluster###################
INFO:clusters.openwhsik_deployment:Deleting Function instance : client3
INFO:clusters.openwhsik_deployment:ok: deleted action client3

INFO:clusters.openwhsik_deployment: ############## Executing for Cluster : invasic-cluster###################
INFO:clusters.openwhsik_deployment:Deleting Function instance : client4
INFO:clusters.openwhsik_deployment:ok: deleted action client4

INFO:clusters.openwhsik_deployment: ############## Executing for Cluster : invasic-cluster###################
INFO:clusters.openwhsik_deployment:Deleting Function instance : client5
INFO:clusters.openwhsik_deployment:ok: deleted action client5

INFO:clusters.openwhsik_deployment: ############## Executing for Cluster : invasic-cluster###################
INFO:clusters.openwhsik_deployment:Deleting Function instance : client6
INFO:clusters.openwhsik_deployment:ok: deleted action client6

INFO:clusters.openwhsik_deployment: ############## Executing for Cluster : invasic-cluster###################
INFO:clusters.openwhsik_deployment:Deleting Function instance : client7
INFO:clusters.openwhsik_deployment:ok: deleted action client7

INFO:clusters.openwhsik_deployment: ############## Executing for Cluster : invasic-cluster###################
INFO:clusters.openwhsik_deployment:Deleting Function instance : client8
INFO:clusters.openwhsik_deployment:ok: deleted action client8

INFO:clusters.openwhsik_deployment: ############## Executing for Cluster : invasic-cluster###################
INFO:clusters.openwhsik_deployment:Deleting Function instance : client9
INFO:clusters.openwhsik_deployment:ok: deleted action client9

1,145.07886910438538
2,85.20605182647705
3,91.10215997695923
4,54.22035002708435
5,55.61187744140625
6,64.3546314239502
7,61.073790073394775
8,54.19223999977112
9,54.23363018035889
10,55.47315335273743
11,65.92409181594849
12,57.25038266181946
13,56.538254737854004
14,58.61112904548645
15,63.96225428581238
16,53.85497999191284
17,71.26135969161987
18,59.44483685493469
19,69.18855476379395
20,53.84003138542175
21,54.12528157234192
22,68.14707374572754
23,61.117791414260864
24,53.013086795806885
25,56.66634750366211
26,60.88911056518555
27,59.30537271499634
28,83.19830656051636
29,85.33008909225464
30,68.8744695186615
31,62.03047776222229
32,71.0309112071991
33,88.46565651893616
34,73.60168027877808
35,66.04647994041443
36,53.997291803359985
37,63.01389956474304
38,62.6038658618927
39,66.81166791915894
40,76.08495354652405
41,85.9908459186554
42,96.59694981575012
43,73.1131362915039
44,90.79323816299438
45,73.24543070793152
46,68.80801820755005
47,68.17035126686096
48,79.34978294372559
49,56.37398409843445
50,54.01787543296814
51,68.14915752410889
52,62.356545209884644
53,82.5951943397522
54,53.994237422943115
55,55.63050174713135
56,53.778523206710815
INFO:clusters.openwhsik_deployment: ############## Executing for Cluster : invasic-cluster###################
INFO:clusters.openwhsik_deployment: Setting the wsk CLI properties : invasic-cluster
INFO:clusters.openwhsik_deployment:ok: whisk auth set. Run 'wsk property get --auth' to see the new value.

INFO:clusters.openwhsik_deployment:ok: whisk API host set to 172.24.65.11:31001

INFO:clusters.openwhsik_deployment:Deleting Function instance : fl_server_init
error: Unable to delete action 'fl_server_init': The requested resource does not exist. (code f4WW3zoBRP1Wm1bVnKGV8N8VerO1HhH5)
Run 'wsk --help' for usage.
INFO:clusters.openwhsik_deployment:Deleting Function instance : fl_server_aggregator
error: Unable to delete action 'fl_server_aggregator': The requested resource does not exist. (code NgNPv12s8TW6qomgfS1KJVECjc5zbuYS)
Run 'wsk --help' for usage.
INFO:clusters.openwhsik_deployment:Deleting Function instance : fl_invoker_weights_update
error: Unable to delete action 'fl_invoker_weights_update': The requested resource does not exist. (code uinW5vX5FNtzb8Rei1X3WNiFg2PHqTsW)
Run 'wsk --help' for usage.
INFO:clusters.openwhsik_deployment:ok: created action fl_server_init

INFO:clusters.openwhsik_deployment:ok: created action fl_server_aggregator

INFO:clusters.openwhsik_deployment:ok: created action fl_invoker_weights_update

INFO:clusters.openwhsik_deployment: ############## Executing for Cluster : invasic-cluster###################
INFO:clusters.openwhsik_deployment:Deleting Function instance : fl_server_init
INFO:clusters.openwhsik_deployment:ok: deleted action fl_server_init

INFO:clusters.openwhsik_deployment:Deleting Function instance : fl_server_aggregator
INFO:clusters.openwhsik_deployment:ok: deleted action fl_server_aggregator

INFO:clusters.openwhsik_deployment:Deleting Function instance : fl_invoker_weights_update
INFO:clusters.openwhsik_deployment:ok: deleted action fl_invoker_weights_update

INFO:clusters.openwhsik_deployment: ############## Executing for Cluster : invasic-cluster###################
INFO:clusters.openwhsik_deployment:Deleting Function instance : client3
error: Unable to delete action 'client3': The requested resource does not exist. (code qPuZxU2xQA25t4U3OjE6ZudmyqnszZ8p)
Run 'wsk --help' for usage.
INFO:clusters.openwhsik_deployment: ############## Executing for Cluster : invasic-cluster###################
INFO:clusters.openwhsik_deployment:Deleting Function instance : client4
error: Unable to delete action 'client4': The requested resource does not exist. (code c0Pif5jL4kckSQ1aoVWtTnTIzMBJ88vu)
Run 'wsk --help' for usage.
INFO:clusters.openwhsik_deployment: ############## Executing for Cluster : invasic-cluster###################
INFO:clusters.openwhsik_deployment:Deleting Function instance : client5
error: Unable to delete action 'client5': The requested resource does not exist. (code jPiF30k8p1xjt1BXNUtHQA2icTxKctW6)
Run 'wsk --help' for usage.
INFO:clusters.openwhsik_deployment: ############## Executing for Cluster : invasic-cluster###################
INFO:clusters.openwhsik_deployment:Deleting Function instance : client6
error: Unable to delete action 'client6': The requested resource does not exist. (code SllWAyMl01OBQQZop5RfnGoLvmS270K2)
Run 'wsk --help' for usage.
INFO:clusters.openwhsik_deployment: ############## Executing for Cluster : invasic-cluster###################
INFO:clusters.openwhsik_deployment:Deleting Function instance : client7
error: Unable to delete action 'client7': The requested resource does not exist. (code bDsySvUCIrPGNGQxehyrL9TXqchV1oTh)
Run 'wsk --help' for usage.
INFO:clusters.openwhsik_deployment: ############## Executing for Cluster : invasic-cluster###################
INFO:clusters.openwhsik_deployment:Deleting Function instance : client8
error: Unable to delete action 'client8': The requested resource does not exist. (code nb7SFRQNJHGOmtXvy6KudnvuH6Pb23OD)
Run 'wsk --help' for usage.
INFO:clusters.openwhsik_deployment: ############## Executing for Cluster : invasic-cluster###################
INFO:clusters.openwhsik_deployment:Deleting Function instance : client9
error: Unable to delete action 'client9': The requested resource does not exist. (code lLLyfBbDZa7kQ8t8h7VjuOcQAJdNdmQu)
Run 'wsk --help' for usage.
INFO:clusters.openwhsik_deployment: ############## Executing for Cluster : invasic-cluster###################
INFO:clusters.openwhsik_deployment:Deleting Function instance : fl_server_init
error: Unable to delete action 'fl_server_init': The requested resource does not exist. (code nHwoLnA3zcIbgT9hFgsJGR39R0lWDZK9)
Run 'wsk --help' for usage.
INFO:clusters.openwhsik_deployment:Deleting Function instance : fl_server_aggregator
error: Unable to delete action 'fl_server_aggregator': The requested resource does not exist. (code QjNHEW4ni8C6dLbhW4TXtYk9GmOQjJfv)
Run 'wsk --help' for usage.
INFO:clusters.openwhsik_deployment:Deleting Function instance : fl_invoker_weights_update
error: Unable to delete action 'fl_invoker_weights_update': The requested resource does not exist. (code VOR1JKeSt4PaPwqepV8IfSWZXgeFXWCd)
Run 'wsk --help' for usage.
INFO:clusters.openwhsik_deployment:ok: created action fl_server_init

INFO:clusters.openwhsik_deployment:ok: created action fl_server_aggregator

INFO:clusters.openwhsik_deployment:ok: created action fl_invoker_weights_update

INFO:clusters.openwhsik_deployment: ############## Executing for Cluster : invasic-cluster###################
INFO:clusters.openwhsik_deployment:Deleting Function instance : client3
error: Unable to delete action 'client3': The requested resource does not exist. (code DUKOp41XbmW0KoboDZuTe5BXmvrED0Mj)
Run 'wsk --help' for usage.
INFO:clusters.openwhsik_deployment:ok: created action client3

INFO:clusters.openwhsik_deployment: ############## Executing for Cluster : invasic-cluster###################
INFO:clusters.openwhsik_deployment:Deleting Function instance : client4
error: Unable to delete action 'client4': The requested resource does not exist. (code AlFEJhgbYyO4jbJjmgxt2hiIZM3S0uXG)
Run 'wsk --help' for usage.
INFO:clusters.openwhsik_deployment:ok: created action client4

INFO:clusters.openwhsik_deployment: ############## Executing for Cluster : invasic-cluster###################
INFO:clusters.openwhsik_deployment:Deleting Function instance : client5
error: Unable to delete action 'client5': The requested resource does not exist. (code IbNYT8tr6rHLEbalZNdgH40Vj4DN4GkB)
Run 'wsk --help' for usage.
INFO:clusters.openwhsik_deployment:ok: created action client5

INFO:clusters.openwhsik_deployment: ############## Executing for Cluster : invasic-cluster###################
INFO:clusters.openwhsik_deployment:Deleting Function instance : client6
error: Unable to delete action 'client6': The requested resource does not exist. (code weeGeygGyh0f4L6eA3tL7AjIDwCyoPsQ)
Run 'wsk --help' for usage.
INFO:clusters.openwhsik_deployment:ok: created action client6

INFO:clusters.openwhsik_deployment: ############## Executing for Cluster : invasic-cluster###################
INFO:clusters.openwhsik_deployment:Deleting Function instance : client7
error: Unable to delete action 'client7': The requested resource does not exist. (code ETc3Nloe6ihEfgatqfnFu2cbAYOt7RqT)
Run 'wsk --help' for usage.
INFO:clusters.openwhsik_deployment:ok: created action client7

INFO:clusters.openwhsik_deployment: ############## Executing for Cluster : invasic-cluster###################
INFO:clusters.openwhsik_deployment:Deleting Function instance : client8
error: Unable to delete action 'client8': The requested resource does not exist. (code QOyABNA7gstv7cte5auWhq8DuqjcaWk7)
Run 'wsk --help' for usage.
INFO:clusters.openwhsik_deployment:ok: created action client8

INFO:clusters.openwhsik_deployment: ############## Executing for Cluster : invasic-cluster###################
INFO:clusters.openwhsik_deployment:Deleting Function instance : client9
error: Unable to delete action 'client9': The requested resource does not exist. (code QRGdaxyQiUn2n3GHUNa8RuHrsgYfLalY)
Run 'wsk --help' for usage.
INFO:clusters.openwhsik_deployment:ok: created action client9

INFO:__main__: ############## Experiment : test_num_clients_100_mnistcnn_1###################
INFO:__main__:Num Clients per rounds: 100
INFO:clusters.openwhsik_deployment: ############## Executing for Cluster : invasic-cluster###################
INFO:clusters.openwhsik_deployment: Setting the wsk CLI properties : invasic-cluster
INFO:clusters.openwhsik_deployment:ok: whisk auth set. Run 'wsk property get --auth' to see the new value.

INFO:clusters.openwhsik_deployment:ok: whisk API host set to 172.24.65.11:31001

INFO:clusters.openwhsik_deployment:Deleting Function instance : fl_server_init
INFO:clusters.openwhsik_deployment:ok: deleted action fl_server_init

INFO:clusters.openwhsik_deployment:Deleting Function instance : fl_server_aggregator
INFO:clusters.openwhsik_deployment:ok: deleted action fl_server_aggregator

INFO:clusters.openwhsik_deployment:Deleting Function instance : fl_invoker_weights_update
INFO:clusters.openwhsik_deployment:ok: deleted action fl_invoker_weights_update

INFO:clusters.openwhsik_deployment:ok: created action fl_server_init

INFO:clusters.openwhsik_deployment:ok: created action fl_server_aggregator

INFO:clusters.openwhsik_deployment:ok: created action fl_invoker_weights_update

INFO:clusters.openwhsik_deployment: ############## Executing for Cluster : invasic-cluster###################
INFO:clusters.openwhsik_deployment:Deleting Function instance : fl_server_init
INFO:clusters.openwhsik_deployment:ok: deleted action fl_server_init

INFO:clusters.openwhsik_deployment:Deleting Function instance : fl_server_aggregator
INFO:clusters.openwhsik_deployment:ok: deleted action fl_server_aggregator

INFO:clusters.openwhsik_deployment:Deleting Function instance : fl_invoker_weights_update
INFO:clusters.openwhsik_deployment:ok: deleted action fl_invoker_weights_update

INFO:clusters.openwhsik_deployment: ############## Executing for Cluster : invasic-cluster###################
INFO:clusters.openwhsik_deployment:Deleting Function instance : client3
INFO:clusters.openwhsik_deployment:ok: deleted action client3

INFO:clusters.openwhsik_deployment: ############## Executing for Cluster : invasic-cluster###################
INFO:clusters.openwhsik_deployment:Deleting Function instance : client4
INFO:clusters.openwhsik_deployment:ok: deleted action client4

INFO:clusters.openwhsik_deployment: ############## Executing for Cluster : invasic-cluster###################
INFO:clusters.openwhsik_deployment:Deleting Function instance : client5
INFO:clusters.openwhsik_deployment:ok: deleted action client5

INFO:clusters.openwhsik_deployment: ############## Executing for Cluster : invasic-cluster###################
INFO:clusters.openwhsik_deployment:Deleting Function instance : client6
INFO:clusters.openwhsik_deployment:ok: deleted action client6

INFO:clusters.openwhsik_deployment: ############## Executing for Cluster : invasic-cluster###################
INFO:clusters.openwhsik_deployment:Deleting Function instance : client7
INFO:clusters.openwhsik_deployment:ok: deleted action client7

INFO:clusters.openwhsik_deployment: ############## Executing for Cluster : invasic-cluster###################
INFO:clusters.openwhsik_deployment:Deleting Function instance : client8
INFO:clusters.openwhsik_deployment:ok: deleted action client8

INFO:clusters.openwhsik_deployment: ############## Executing for Cluster : invasic-cluster###################
INFO:clusters.openwhsik_deployment:Deleting Function instance : client9
INFO:clusters.openwhsik_deployment:ok: deleted action client9

INFO:clusters.openwhsik_deployment: ############## Executing for Cluster : invasic-cluster###################
INFO:clusters.openwhsik_deployment:Deleting Function instance : fl_server_init
error: Unable to delete action 'fl_server_init': The requested resource does not exist. (code k8R1BgVKeLyuBV2tbSuFwUjNWxHAxnLg)
Run 'wsk --help' for usage.
INFO:clusters.openwhsik_deployment:Deleting Function instance : fl_server_aggregator
error: Unable to delete action 'fl_server_aggregator': The requested resource does not exist. (code xaUkOZ8bopvUFCb5Bbna0LopaSzFdUTZ)
Run 'wsk --help' for usage.
INFO:clusters.openwhsik_deployment:Deleting Function instance : fl_invoker_weights_update
error: Unable to delete action 'fl_invoker_weights_update': The requested resource does not exist. (code UDlFcLMVIQcqW41b2yzKbNBJeOpnWhfK)
Run 'wsk --help' for usage.
INFO:clusters.openwhsik_deployment:ok: created action fl_server_init

INFO:clusters.openwhsik_deployment:ok: created action fl_server_aggregator

INFO:clusters.openwhsik_deployment:ok: created action fl_invoker_weights_update

INFO:clusters.openwhsik_deployment: ############## Executing for Cluster : invasic-cluster###################
INFO:clusters.openwhsik_deployment:Deleting Function instance : client3
error: Unable to delete action 'client3': The requested resource does not exist. (code btkPF0eybFy8ELkGS9YJcUTGkuPtM64M)
Run 'wsk --help' for usage.
INFO:clusters.openwhsik_deployment:ok: created action client3

INFO:clusters.openwhsik_deployment: ############## Executing for Cluster : invasic-cluster###################
INFO:clusters.openwhsik_deployment:Deleting Function instance : client4
error: Unable to delete action 'client4': The requested resource does not exist. (code 9c31bTqMvFTplpVbN6X5vl2ImjwQHvV9)
Run 'wsk --help' for usage.
INFO:clusters.openwhsik_deployment:ok: created action client4

INFO:clusters.openwhsik_deployment: ############## Executing for Cluster : invasic-cluster###################
INFO:clusters.openwhsik_deployment:Deleting Function instance : client5
error: Unable to delete action 'client5': The requested resource does not exist. (code yuJ3P2VuEgWVOnsRfRjzo2HtP7gX1cJC)
Run 'wsk --help' for usage.
INFO:clusters.openwhsik_deployment:ok: created action client5

INFO:clusters.openwhsik_deployment: ############## Executing for Cluster : invasic-cluster###################
INFO:clusters.openwhsik_deployment:Deleting Function instance : client6
error: Unable to delete action 'client6': The requested resource does not exist. (code zhqqXxWjlumuAN9nrmqZepTuIItWZpXe)
Run 'wsk --help' for usage.
INFO:clusters.openwhsik_deployment:ok: created action client6

INFO:clusters.openwhsik_deployment: ############## Executing for Cluster : invasic-cluster###################
INFO:clusters.openwhsik_deployment:Deleting Function instance : client7
error: Unable to delete action 'client7': The requested resource does not exist. (code ppXxJiFrpCC3If1fJTLoULHD8Ansgs8g)
Run 'wsk --help' for usage.
INFO:clusters.openwhsik_deployment:ok: created action client7

INFO:clusters.openwhsik_deployment: ############## Executing for Cluster : invasic-cluster###################
INFO:clusters.openwhsik_deployment:Deleting Function instance : client8
error: Unable to delete action 'client8': The requested resource does not exist. (code ga3coq7hoX8iARJDbC98lE9d0LygHL0Q)
Run 'wsk --help' for usage.
INFO:clusters.openwhsik_deployment:ok: created action client8

INFO:clusters.openwhsik_deployment: ############## Executing for Cluster : invasic-cluster###################
INFO:clusters.openwhsik_deployment:Deleting Function instance : client9
error: Unable to delete action 'client9': The requested resource does not exist. (code VouEj9TPRXBSYrKCtvrXHLoD5sdox6oZ)
Run 'wsk --help' for usage.
INFO:clusters.openwhsik_deployment:ok: created action client9

INFO:__main__: ############## Experiment : test_num_clients_100_mnistcnn_0###################
INFO:__main__:Num Clients per rounds: 100
INFO:__main__:Iter: 1, Loss: 1.8033692836761475, Accuracy: 0.676, Time: 158.66050958633423
INFO:__main__:Iter: 2, Loss: 1.16145658493042, Accuracy: 0.806, Time: 112.63326859474182
INFO:__main__:Iter: 3, Loss: 0.7408183813095093, Accuracy: 0.885, Time: 108.60806465148926
INFO:__main__:Iter: 4, Loss: 0.5151758790016174, Accuracy: 0.917, Time: 56.91539430618286
INFO:__main__:Iter: 5, Loss: 0.3888292610645294, Accuracy: 0.937, Time: 54.3949134349823
INFO:__main__:Iter: 6, Loss: 0.28836286067962646, Accuracy: 0.945, Time: 59.64478921890259
INFO:__main__:Iter: 7, Loss: 0.23148784041404724, Accuracy: 0.952, Time: 88.62217688560486
INFO:__main__:Iter: 8, Loss: 0.20816288888454437, Accuracy: 0.956, Time: 53.9337260723114
INFO:__main__:Iter: 9, Loss: 0.160394549369812, Accuracy: 0.964, Time: 53.43422341346741
INFO:__main__:Iter: 10, Loss: 0.14141635596752167, Accuracy: 0.967, Time: 85.86210656166077
run_tests_100.sh: line 7: 4191260 Killed                  python3 fl_learning1.py
INFO:clusters.openwhsik_deployment: ############## Executing for Cluster : invasic-cluster###################
INFO:clusters.openwhsik_deployment: Setting the wsk CLI properties : invasic-cluster
INFO:clusters.openwhsik_deployment:ok: whisk auth set. Run 'wsk property get --auth' to see the new value.

INFO:clusters.openwhsik_deployment:ok: whisk API host set to 172.24.65.11:31001

INFO:clusters.openwhsik_deployment:Deleting Function instance : fl_server_init
INFO:clusters.openwhsik_deployment:ok: deleted action fl_server_init

INFO:clusters.openwhsik_deployment:Deleting Function instance : fl_server_aggregator
INFO:clusters.openwhsik_deployment:ok: deleted action fl_server_aggregator

INFO:clusters.openwhsik_deployment:Deleting Function instance : fl_invoker_weights_update
INFO:clusters.openwhsik_deployment:ok: deleted action fl_invoker_weights_update

INFO:clusters.openwhsik_deployment:ok: created action fl_server_init

INFO:clusters.openwhsik_deployment:ok: created action fl_server_aggregator

INFO:clusters.openwhsik_deployment:ok: created action fl_invoker_weights_update

INFO:clusters.openwhsik_deployment: ############## Executing for Cluster : invasic-cluster###################
INFO:clusters.openwhsik_deployment:Deleting Function instance : fl_server_init
INFO:clusters.openwhsik_deployment:ok: deleted action fl_server_init

INFO:clusters.openwhsik_deployment:Deleting Function instance : fl_server_aggregator
INFO:clusters.openwhsik_deployment:ok: deleted action fl_server_aggregator

INFO:clusters.openwhsik_deployment:Deleting Function instance : fl_invoker_weights_update
INFO:clusters.openwhsik_deployment:ok: deleted action fl_invoker_weights_update

INFO:clusters.openwhsik_deployment: ############## Executing for Cluster : invasic-cluster###################
INFO:clusters.openwhsik_deployment:Deleting Function instance : client3
INFO:clusters.openwhsik_deployment:ok: deleted action client3

INFO:clusters.openwhsik_deployment: ############## Executing for Cluster : invasic-cluster###################
INFO:clusters.openwhsik_deployment:Deleting Function instance : client4
INFO:clusters.openwhsik_deployment:ok: deleted action client4

INFO:clusters.openwhsik_deployment: ############## Executing for Cluster : invasic-cluster###################
INFO:clusters.openwhsik_deployment:Deleting Function instance : client5
INFO:clusters.openwhsik_deployment:ok: deleted action client5

INFO:clusters.openwhsik_deployment: ############## Executing for Cluster : invasic-cluster###################
INFO:clusters.openwhsik_deployment:Deleting Function instance : client6
INFO:clusters.openwhsik_deployment:ok: deleted action client6

INFO:clusters.openwhsik_deployment: ############## Executing for Cluster : invasic-cluster###################
INFO:clusters.openwhsik_deployment:Deleting Function instance : client7
INFO:clusters.openwhsik_deployment:ok: deleted action client7

INFO:clusters.openwhsik_deployment: ############## Executing for Cluster : invasic-cluster###################
INFO:clusters.openwhsik_deployment:Deleting Function instance : client8
INFO:clusters.openwhsik_deployment:ok: deleted action client8

INFO:clusters.openwhsik_deployment: ############## Executing for Cluster : invasic-cluster###################
INFO:clusters.openwhsik_deployment:Deleting Function instance : client9
INFO:clusters.openwhsik_deployment:ok: deleted action client9

INFO:clusters.openwhsik_deployment: ############## Executing for Cluster : invasic-cluster###################
INFO:clusters.openwhsik_deployment:Deleting Function instance : fl_server_init
error: Unable to delete action 'fl_server_init': The requested resource does not exist. (code oL79Zd5qYpDHU84rxOcLCrofHISpZDEo)
Run 'wsk --help' for usage.
INFO:clusters.openwhsik_deployment:Deleting Function instance : fl_server_aggregator
error: Unable to delete action 'fl_server_aggregator': The requested resource does not exist. (code 8VDaIEGukf54S3GGdaTnzA10reEGV0B5)
Run 'wsk --help' for usage.
INFO:clusters.openwhsik_deployment:Deleting Function instance : fl_invoker_weights_update
error: Unable to delete action 'fl_invoker_weights_update': The requested resource does not exist. (code BgrKQIyze1RaI1IJBONPGEcrI2YmpFLu)
Run 'wsk --help' for usage.
INFO:clusters.openwhsik_deployment:ok: created action fl_server_init

INFO:clusters.openwhsik_deployment:ok: created action fl_server_aggregator

INFO:clusters.openwhsik_deployment:ok: created action fl_invoker_weights_update

INFO:clusters.openwhsik_deployment: ############## Executing for Cluster : invasic-cluster###################
INFO:clusters.openwhsik_deployment:Deleting Function instance : client3
error: Unable to delete action 'client3': The requested resource does not exist. (code otQ03B7TAzdcgAmfVpTw872l9aUZvY7i)
Run 'wsk --help' for usage.
INFO:clusters.openwhsik_deployment:ok: created action client3

INFO:clusters.openwhsik_deployment: ############## Executing for Cluster : invasic-cluster###################
INFO:clusters.openwhsik_deployment:Deleting Function instance : client4
error: Unable to delete action 'client4': The requested resource does not exist. (code 3jv2FiIzommWGgx6XeIf9wLreDl8VPdh)
Run 'wsk --help' for usage.
INFO:clusters.openwhsik_deployment:ok: created action client4

INFO:clusters.openwhsik_deployment: ############## Executing for Cluster : invasic-cluster###################
INFO:clusters.openwhsik_deployment:Deleting Function instance : client5
error: Unable to delete action 'client5': The requested resource does not exist. (code brwicM49awZkeQ4TYCA84kyArOOzEG5K)
Run 'wsk --help' for usage.
INFO:clusters.openwhsik_deployment:ok: created action client5

INFO:clusters.openwhsik_deployment: ############## Executing for Cluster : invasic-cluster###################
INFO:clusters.openwhsik_deployment:Deleting Function instance : client6
error: Unable to delete action 'client6': The requested resource does not exist. (code i3YIiVtJ1PO5i5pRpnjdRit48peOPWOH)
Run 'wsk --help' for usage.
INFO:clusters.openwhsik_deployment:ok: created action client6

INFO:clusters.openwhsik_deployment: ############## Executing for Cluster : invasic-cluster###################
INFO:clusters.openwhsik_deployment:Deleting Function instance : client7
error: Unable to delete action 'client7': The requested resource does not exist. (code FNqOnB2vEjyvjXzZ9JijCQfju86vzmu1)
Run 'wsk --help' for usage.
INFO:clusters.openwhsik_deployment:ok: created action client7

INFO:clusters.openwhsik_deployment: ############## Executing for Cluster : invasic-cluster###################
INFO:clusters.openwhsik_deployment:Deleting Function instance : client8
error: Unable to delete action 'client8': The requested resource does not exist. (code lMuJELyqGE40ymBgz5rNg8vPefE6QZ0p)
Run 'wsk --help' for usage.
INFO:clusters.openwhsik_deployment:ok: created action client8

INFO:clusters.openwhsik_deployment: ############## Executing for Cluster : invasic-cluster###################
INFO:clusters.openwhsik_deployment:Deleting Function instance : client9
error: Unable to delete action 'client9': The requested resource does not exist. (code xyPrVJsIk5LWvrmcS7DGdWQeUxvs9pqw)
Run 'wsk --help' for usage.
INFO:clusters.openwhsik_deployment:ok: created action client9

INFO:__main__: ############## Experiment : test_num_clients_100_mnistcnn_0###################
INFO:__main__:Num Clients per rounds: 100
INFO:__main__:Iter: 1, Loss: 1.856261134147644, Accuracy: 0.676, Time: 165.00727915763855
INFO:__main__:Iter: 2, Loss: 1.171728491783142, Accuracy: 0.845, Time: 127.3345057964325
INFO:__main__:Iter: 3, Loss: 0.7256215810775757, Accuracy: 0.895, Time: 83.38863444328308
INFO:__main__:Iter: 4, Loss: 0.502927839756012, Accuracy: 0.923, Time: 56.98129224777222
INFO:__main__:Iter: 5, Loss: 0.3499680161476135, Accuracy: 0.935, Time: 54.598113775253296
INFO:__main__:Iter: 6, Loss: 0.2786012589931488, Accuracy: 0.944, Time: 55.70668601989746
INFO:__main__:Iter: 7, Loss: 0.23622891306877136, Accuracy: 0.950, Time: 52.32350945472717
INFO:__main__:Iter: 8, Loss: 0.18912826478481293, Accuracy: 0.957, Time: 76.11302542686462
INFO:__main__:Iter: 9, Loss: 0.1565292924642563, Accuracy: 0.963, Time: 61.063350677490234
INFO:__main__:Iter: 10, Loss: 0.13383816182613373, Accuracy: 0.966, Time: 55.55550408363342
INFO:__main__:Iter: 11, Loss: 0.12072088569402695, Accuracy: 0.968, Time: 55.35156202316284
INFO:__main__:Iter: 12, Loss: 0.11013121157884598, Accuracy: 0.971, Time: 52.579575300216675
INFO:__main__:Iter: 13, Loss: 0.10134295374155045, Accuracy: 0.972, Time: 52.95217204093933
INFO:__main__:Iter: 14, Loss: 0.09188463538885117, Accuracy: 0.973, Time: 58.47730326652527
INFO:__main__:Iter: 15, Loss: 0.08545083552598953, Accuracy: 0.974, Time: 54.419514656066895
INFO:__main__:Iter: 16, Loss: 0.07950278371572495, Accuracy: 0.975, Time: 56.63094449043274
INFO:__main__:Iter: 17, Loss: 0.0762644037604332, Accuracy: 0.976, Time: 53.11334848403931
INFO:__main__:Iter: 18, Loss: 0.07430907338857651, Accuracy: 0.977, Time: 54.857789516448975
INFO:__main__:Iter: 19, Loss: 0.06825562566518784, Accuracy: 0.979, Time: 54.9434449672699
INFO:__main__:Iter: 20, Loss: 0.06475193798542023, Accuracy: 0.980, Time: 58.802597522735596
INFO:__main__:Iter: 21, Loss: 0.06201950088143349, Accuracy: 0.980, Time: 53.75287365913391
INFO:__main__:Iter: 22, Loss: 0.059029389172792435, Accuracy: 0.981, Time: 55.63383913040161
INFO:__main__:Iter: 23, Loss: 0.056996576488018036, Accuracy: 0.981, Time: 53.5903377532959
INFO:__main__:Iter: 24, Loss: 0.05664196237921715, Accuracy: 0.982, Time: 54.12636661529541
INFO:__main__:Iter: 25, Loss: 0.05607587844133377, Accuracy: 0.982, Time: 54.12235760688782
INFO:__main__:Iter: 26, Loss: 0.053380321711301804, Accuracy: 0.983, Time: 53.01183819770813
INFO:__main__:Iter: 27, Loss: 0.05289321392774582, Accuracy: 0.983, Time: 53.91226816177368
INFO:__main__:Iter: 28, Loss: 0.05105483531951904, Accuracy: 0.983, Time: 54.597551584243774
INFO:__main__:Iter: 29, Loss: 0.048450153321027756, Accuracy: 0.984, Time: 53.67327857017517
INFO:__main__:Iter: 30, Loss: 0.046933259814977646, Accuracy: 0.985, Time: 64.2231514453888
INFO:__main__:Iter: 31, Loss: 0.045279812067747116, Accuracy: 0.985, Time: 69.7432746887207
INFO:__main__:Iter: 32, Loss: 0.044147130101919174, Accuracy: 0.986, Time: 53.90382790565491
INFO:__main__:Iter: 33, Loss: 0.04236390069127083, Accuracy: 0.987, Time: 61.54314303398132
INFO:__main__:Iter: 34, Loss: 0.041626110672950745, Accuracy: 0.986, Time: 55.84419822692871
INFO:__main__:Iter: 35, Loss: 0.04179634153842926, Accuracy: 0.986, Time: 62.96133327484131
INFO:__main__:Iter: 36, Loss: 0.04221874848008156, Accuracy: 0.987, Time: 68.94940423965454
INFO:__main__:Iter: 37, Loss: 0.04272468388080597, Accuracy: 0.985, Time: 66.09570717811584
INFO:__main__:Iter: 38, Loss: 0.04135315865278244, Accuracy: 0.987, Time: 61.47506833076477
INFO:__main__:Iter: 39, Loss: 0.0405447892844677, Accuracy: 0.986, Time: 67.66750955581665
INFO:__main__:Iter: 40, Loss: 0.040011584758758545, Accuracy: 0.987, Time: 55.22999286651611
INFO:__main__:Iter: 41, Loss: 0.03856077790260315, Accuracy: 0.988, Time: 55.146480083465576
INFO:__main__:Iter: 42, Loss: 0.03872207552194595, Accuracy: 0.988, Time: 54.938961029052734
INFO:__main__:Iter: 43, Loss: 0.0385635606944561, Accuracy: 0.987, Time: 53.57521390914917
INFO:__main__:Iter: 44, Loss: 0.03846203163266182, Accuracy: 0.988, Time: 54.681692361831665
